<?xml version="1.0" encoding="UTF-8"?>
<!-- Generated by org.testng.reporters.JUnitXMLReporter -->
<testsuite ignored="4" hostname="WIN-46969103703" failures="0" tests="1" name="Default test" time="11.553" errors="0" timestamp="2022-11-18T22:54:40 IST">
  <testcase classname="testcases.Smoke.LoginDashboardTest" name="TC1" time="6.903"/>
  <testcase classname="testcases.Smoke.LoginDashboardTest" name="TC2" time="0.0">
    <ignored/>
  </testcase> <!-- TC2 -->
  <testcase classname="testcases.Smoke.LoginDashboardTest" name="TC3" time="0.0">
    <ignored/>
  </testcase> <!-- TC3 -->
  <testcase classname="testcases.Smoke.LoginDashboardTest" name="TC4" time="0.0">
    <ignored/>
  </testcase> <!-- TC4 -->
  <testcase classname="testcases.Smoke.LoginDashboardTest" name="TC5" time="0.0">
    <ignored/>
  </testcase> <!-- TC5 -->
</testsuite> <!-- Default test -->
