<?xml version="1.0" encoding="UTF-8"?>
<!-- Generated by org.testng.reporters.JUnitXMLReporter -->
<testsuite ignored="6" hostname="WIN-46969103703" failures="0" tests="1" name="Default test" time="58.894" errors="0" timestamp="2022-11-23T17:50:29 IST">
  <testcase classname="testcases.Smoke.FilloCreateCampaignTest" name="TC2" time="53.612"/>
  <testcase classname="testcases.Smoke.FilloCreateCampaignTest" name="TC7" time="0.0">
    <ignored/>
  </testcase> <!-- TC7 -->
  <testcase classname="testcases.Smoke.FilloCreateCampaignTest" name="TC3" time="0.0">
    <ignored/>
  </testcase> <!-- TC3 -->
  <testcase classname="testcases.Smoke.FilloCreateCampaignTest" name="TC6" time="0.0">
    <ignored/>
  </testcase> <!-- TC6 -->
  <testcase classname="testcases.Smoke.FilloCreateCampaignTest" name="TC5" time="0.0">
    <ignored/>
  </testcase> <!-- TC5 -->
  <testcase classname="testcases.Smoke.FilloCreateCampaignTest" name="TC1" time="0.0">
    <ignored/>
  </testcase> <!-- TC1 -->
  <testcase classname="testcases.Smoke.FilloCreateCampaignTest" name="TC4" time="0.0">
    <ignored/>
  </testcase> <!-- TC4 -->
</testsuite> <!-- Default test -->
