<?xml version="1.0" encoding="UTF-8"?>
<!-- Generated by org.testng.reporters.JUnitXMLReporter -->
<testsuite ignored="3" hostname="WIN-46969103703" failures="0" tests="6" name="Test" time="248.892" errors="0" timestamp="2022-09-08T00:48:36 IST">
  <testcase classname="testCases.ActivateCampaignTest" name="e2eTest1" time="6.834"/>
  <testcase classname="testCases.ActivateCampaignTest" name="e2eTest2" time="7.512"/>
  <testcase classname="testCases.ActivateCampaignTest" name="e2eTest3" time="7.051"/>
  <testcase classname="testCases.ActivateCampaignTest" name="e2eTest4" time="7.028"/>
  <testcase classname="testCases.ActivateCampaignTest" name="e2eTest5" time="7.155"/>
  <testcase classname="testCases.ActivateCampaignTest" name="e2eTest6" time="7.425"/>
  <testcase classname="testCases.ActivateCampaignTest" name="e2eTest" time="0.0">
    <ignored/>
  </testcase> <!-- e2eTest -->
  <testcase classname="testCases.ActivateCampaignTest" name="provisionRequestSendWithData" time="0.0">
    <ignored/>
  </testcase> <!-- provisionRequestSendWithData -->
  <testcase classname="testCases.ActivateCampaignTest" name="user_navigates_to_campaign_detail_screen" time="0.0">
    <ignored/>
  </testcase> <!-- user_navigates_to_campaign_detail_screen -->
</testsuite> <!-- Test -->
