<?xml version="1.0" encoding="UTF-8"?>
<!-- Generated by org.testng.reporters.JUnitXMLReporter -->
<testsuite ignored="3" hostname="WIN-46969103703" failures="0" tests="1" name="Test" time="57.825" errors="0" timestamp="2022-11-19T01:00:52 IST">
  <testcase classname="testcases.DBValidationTest" name="TC3" time="53.402"/>
  <testcase classname="testcases.DBValidationTest" name="TC2" time="0.0">
    <ignored/>
  </testcase> <!-- TC2 -->
  <testcase classname="testcases.DBValidationTest" name="TC1" time="0.0">
    <ignored/>
  </testcase> <!-- TC1 -->
  <testcase classname="testcases.DBValidationTest" name="TC100" time="0.0">
    <ignored/>
  </testcase> <!-- TC100 -->
</testsuite> <!-- Test -->
