<?xml version="1.0" encoding="UTF-8"?>
<!-- Generated by org.testng.reporters.JUnitXMLReporter -->
<testsuite ignored="0" hostname="WIN-46969103703" failures="0" tests="3" name="Test" time="161.88" errors="0" timestamp="2022-11-21T00:05:45 IST">
  <testcase classname="testcases.Regression.RegressionTestCases" name="TC1" time="49.359"/>
  <testcase classname="testcases.Regression.RegressionTestCases" name="TC2" time="33.733"/>
  <testcase classname="testcases.Regression.RegressionTestCases" name="TC3" time="58.377"/>
</testsuite> <!-- Test -->
